

Processing Base#index (for 127.0.0.1 at 2009-08-27 10:38:18) [GET]
  Session ID: 4ca1e2dc84eab91e351f8f7d4d8c013d
  Parameters: {}


ActionController::RoutingError (No route matches "/bgredirect" with {:method=>:get}):
    /Library/Ruby/Gems/1.8/gems/actionpack-2.1.0/lib/action_controller/routing/recognition_optimisation.rb:67:in `recognize_path'
    /Library/Ruby/Gems/1.8/gems/actionpack-2.1.0/lib/action_controller/routing/route_set.rb:384:in `recognize'
    /Library/Ruby/Gems/1.8/gems/actionpack-2.1.0/lib/action_controller/dispatcher.rb:148:in `handle_request'
    /Library/Ruby/Gems/1.8/gems/actionpack-2.1.0/lib/action_controller/dispatcher.rb:107:in `dispatch'
    /Library/Ruby/Gems/1.8/gems/actionpack-2.1.0/lib/action_controller/dispatcher.rb:104:in `synchronize'
    /Library/Ruby/Gems/1.8/gems/actionpack-2.1.0/lib/action_controller/dispatcher.rb:104:in `dispatch'
    /Library/Ruby/Gems/1.8/gems/actionpack-2.1.0/lib/action_controller/dispatcher.rb:120:in `dispatch_cgi'
    /Library/Ruby/Gems/1.8/gems/actionpack-2.1.0/lib/action_controller/dispatcher.rb:35:in `dispatch'
    /Library/Ruby/Gems/1.8/gems/mongrel-1.1.5/bin/../lib/mongrel/rails.rb:76:in `process'
    /Library/Ruby/Gems/1.8/gems/mongrel-1.1.5/bin/../lib/mongrel/rails.rb:74:in `synchronize'
    /Library/Ruby/Gems/1.8/gems/mongrel-1.1.5/bin/../lib/mongrel/rails.rb:74:in `process'
    /Library/Ruby/Gems/1.8/gems/mongrel-1.1.5/bin/../lib/mongrel.rb:159:in `process_client'
    /Library/Ruby/Gems/1.8/gems/mongrel-1.1.5/bin/../lib/mongrel.rb:158:in `each'
    /Library/Ruby/Gems/1.8/gems/mongrel-1.1.5/bin/../lib/mongrel.rb:158:in `process_client'
    /Library/Ruby/Gems/1.8/gems/mongrel-1.1.5/bin/../lib/mongrel.rb:285:in `run'
    /Library/Ruby/Gems/1.8/gems/mongrel-1.1.5/bin/../lib/mongrel.rb:285:in `initialize'
    /Library/Ruby/Gems/1.8/gems/mongrel-1.1.5/bin/../lib/mongrel.rb:285:in `new'
    /Library/Ruby/Gems/1.8/gems/mongrel-1.1.5/bin/../lib/mongrel.rb:285:in `run'
    /Library/Ruby/Gems/1.8/gems/mongrel-1.1.5/bin/../lib/mongrel.rb:268:in `initialize'
    /Library/Ruby/Gems/1.8/gems/mongrel-1.1.5/bin/../lib/mongrel.rb:268:in `new'
    /Library/Ruby/Gems/1.8/gems/mongrel-1.1.5/bin/../lib/mongrel.rb:268:in `run'
    /Library/Ruby/Gems/1.8/gems/mongrel-1.1.5/bin/../lib/mongrel/configurator.rb:282:in `run'
    /Library/Ruby/Gems/1.8/gems/mongrel-1.1.5/bin/../lib/mongrel/configurator.rb:281:in `each'
    /Library/Ruby/Gems/1.8/gems/mongrel-1.1.5/bin/../lib/mongrel/configurator.rb:281:in `run'
    /Library/Ruby/Gems/1.8/gems/mongrel-1.1.5/bin/mongrel_rails:128:in `run'
    /Library/Ruby/Gems/1.8/gems/mongrel-1.1.5/bin/../lib/mongrel/command.rb:212:in `run'
    /Library/Ruby/Gems/1.8/gems/mongrel-1.1.5/bin/mongrel_rails:281
    /usr/bin/mongrel_rails:19:in `load'
    /usr/bin/mongrel_rails:19

Rendering /Library/Ruby/Gems/1.8/gems/actionpack-2.1.0/lib/action_controller/templates/rescues/layout.erb (not_found)


Processing GoController#index (for 127.0.0.1 at 2009-08-27 10:49:52) [GET]
  Session ID: BAh7BiIKZmxhc2hJQzonQWN0aW9uQ29udHJvbGxlcjo6Rmxhc2g6OkZsYXNo
SGFzaHsABjoKQHVzZWR7AA==--d3c27162dd44ba910a37d9717875fbe678bff711
  Parameters: {"action"=>"index", "controller"=>"go"}


Processing GoController#index (for 127.0.0.1 at 2009-08-27 10:49:53) [GET]
  Session ID: BAh7BiIKZmxhc2hJQzonQWN0aW9uQ29udHJvbGxlcjo6Rmxhc2g6OkZsYXNo
SGFzaHsABjoKQHVzZWR7AA==--d3c27162dd44ba910a37d9717875fbe678bff711
  Parameters: {"action"=>"index", "controller"=>"go"}


Mysql::Error (Unknown database 'bgredirect_development'):
    /Users/aadhikari/.gem/ruby/1.8/gems/activerecord-2.1.0/lib/active_record/connection_adapters/mysql_adapter.rb:505:in `real_connect'
    /Users/aadhikari/.gem/ruby/1.8/gems/activerecord-2.1.0/lib/active_record/connection_adapters/mysql_adapter.rb:505:in `connect'
    /Users/aadhikari/.gem/ruby/1.8/gems/activerecord-2.1.0/lib/active_record/connection_adapters/mysql_adapter.rb:183:in `initialize'
    /Users/aadhikari/.gem/ruby/1.8/gems/activerecord-2.1.0/lib/active_record/connection_adapters/mysql_adapter.rb:88:in `new'
    /Users/aadhikari/.gem/ruby/1.8/gems/activerecord-2.1.0/lib/active_record/connection_adapters/mysql_adapter.rb:88:in `mysql_connection'
    /Users/aadhikari/.gem/ruby/1.8/gems/activerecord-2.1.0/lib/active_record/connection_adapters/abstract/connection_specification.rb:292:in `send'
    /Users/aadhikari/.gem/ruby/1.8/gems/activerecord-2.1.0/lib/active_record/connection_adapters/abstract/connection_specification.rb:292:in `connection='
    /Users/aadhikari/.gem/ruby/1.8/gems/activerecord-2.1.0/lib/active_record/connection_adapters/abstract/connection_specification.rb:260:in `retrieve_connection'
    /Users/aadhikari/.gem/ruby/1.8/gems/activerecord-2.1.0/lib/active_record/connection_adapters/abstract/connection_specification.rb:78:in `connection'
    /Users/aadhikari/.gem/ruby/1.8/gems/activerecord-2.1.0/lib/active_record/query_cache.rb:8:in `cache'
    /Library/Ruby/Gems/1.8/gems/actionpack-2.1.0/lib/action_controller/caching/sql_cache.rb:12:in `perform_action'
    /Library/Ruby/Gems/1.8/gems/actionpack-2.1.0/lib/action_controller/base.rb:529:in `send'
    /Library/Ruby/Gems/1.8/gems/actionpack-2.1.0/lib/action_controller/base.rb:529:in `process_without_filters'
    /Library/Ruby/Gems/1.8/gems/actionpack-2.1.0/lib/action_controller/filters.rb:569:in `process_without_session_management_support'
    /Library/Ruby/Gems/1.8/gems/actionpack-2.1.0/lib/action_controller/session_management.rb:130:in `process'
    /Library/Ruby/Gems/1.8/gems/actionpack-2.1.0/lib/action_controller/base.rb:389:in `process'
    /Library/Ruby/Gems/1.8/gems/actionpack-2.1.0/lib/action_controller/dispatcher.rb:149:in `handle_request'
    /Library/Ruby/Gems/1.8/gems/actionpack-2.1.0/lib/action_controller/dispatcher.rb:107:in `dispatch'
    /Library/Ruby/Gems/1.8/gems/actionpack-2.1.0/lib/action_controller/dispatcher.rb:104:in `synchronize'
    /Library/Ruby/Gems/1.8/gems/actionpack-2.1.0/lib/action_controller/dispatcher.rb:104:in `dispatch'
    /Library/Ruby/Gems/1.8/gems/actionpack-2.1.0/lib/action_controller/dispatcher.rb:120:in `dispatch_cgi'
    /Library/Ruby/Gems/1.8/gems/actionpack-2.1.0/lib/action_controller/dispatcher.rb:35:in `dispatch'
    /Library/Ruby/Gems/1.8/gems/mongrel-1.1.5/bin/../lib/mongrel/rails.rb:76:in `process'
    /Library/Ruby/Gems/1.8/gems/mongrel-1.1.5/bin/../lib/mongrel/rails.rb:74:in `synchronize'
    /Library/Ruby/Gems/1.8/gems/mongrel-1.1.5/bin/../lib/mongrel/rails.rb:74:in `process'
    /Library/Ruby/Gems/1.8/gems/mongrel-1.1.5/bin/../lib/mongrel.rb:159:in `process_client'
    /Library/Ruby/Gems/1.8/gems/mongrel-1.1.5/bin/../lib/mongrel.rb:158:in `each'
    /Library/Ruby/Gems/1.8/gems/mongrel-1.1.5/bin/../lib/mongrel.rb:158:in `process_client'
    /Library/Ruby/Gems/1.8/gems/mongrel-1.1.5/bin/../lib/mongrel.rb:285:in `run'
    /Library/Ruby/Gems/1.8/gems/mongrel-1.1.5/bin/../lib/mongrel.rb:285:in `initialize'
    /Library/Ruby/Gems/1.8/gems/mongrel-1.1.5/bin/../lib/mongrel.rb:285:in `new'
    /Library/Ruby/Gems/1.8/gems/mongrel-1.1.5/bin/../lib/mongrel.rb:285:in `run'
    /Library/Ruby/Gems/1.8/gems/mongrel-1.1.5/bin/../lib/mongrel.rb:268:in `initialize'
    /Library/Ruby/Gems/1.8/gems/mongrel-1.1.5/bin/../lib/mongrel.rb:268:in `new'
    /Library/Ruby/Gems/1.8/gems/mongrel-1.1.5/bin/../lib/mongrel.rb:268:in `run'
    /Library/Ruby/Gems/1.8/gems/mongrel-1.1.5/bin/../lib/mongrel/configurator.rb:282:in `run'
    /Library/Ruby/Gems/1.8/gems/mongrel-1.1.5/bin/../lib/mongrel/configurator.rb:281:in `each'
    /Library/Ruby/Gems/1.8/gems/mongrel-1.1.5/bin/../lib/mongrel/configurator.rb:281:in `run'
    /Library/Ruby/Gems/1.8/gems/mongrel-1.1.5/bin/mongrel_rails:128:in `run'
    /Library/Ruby/Gems/1.8/gems/mongrel-1.1.5/bin/../lib/mongrel/command.rb:212:in `run'
    /Library/Ruby/Gems/1.8/gems/mongrel-1.1.5/bin/mongrel_rails:281
    /usr/bin/mongrel_rails:19:in `load'
    /usr/bin/mongrel_rails:19

Rendering /Library/Ruby/Gems/1.8/gems/actionpack-2.1.0/lib/action_controller/templates/rescues/layout.erb (internal_server_error)
  [4;36;1mSQL (0.249328)[0m   [0;1mSET NAMES 'utf8'[0m
  [4;35;1mSQL (0.000199)[0m   [0mSET SQL_AUTO_IS_NULL=0[0m
  [4;36;1mSQL (0.000525)[0m   [0;1mCREATE DATABASE `bgredirect_development` DEFAULT CHARACTER SET `utf8` COLLATE `utf8_general_ci`[0m
  [4;36;1mSQL (0.000216)[0m   [0;1mSET NAMES 'utf8'[0m
  [4;35;1mSQL (0.000089)[0m   [0mSET SQL_AUTO_IS_NULL=0[0m
  [4;36;1mSQL (0.227918)[0m   [0;1mSHOW TABLES[0m
  [4;35;1mSQL (0.277110)[0m   [0mCREATE TABLE `schema_migrations` (`version` varchar(255) NOT NULL) ENGINE=InnoDB[0m
  [4;36;1mSQL (0.166937)[0m   [0;1mCREATE UNIQUE INDEX `unique_schema_migrations` ON `schema_migrations` (`version`)[0m
  [4;35;1mSQL (0.000495)[0m   [0mSHOW TABLES[0m
  [4;36;1mSQL (0.000523)[0m   [0;1mSELECT version FROM schema_migrations[0m
  [4;35;1mSQL (0.000418)[0m   [0mSHOW TABLES[0m
  [4;36;1mSQL (0.000215)[0m   [0;1mSET NAMES 'utf8'[0m
  [4;35;1mSQL (0.000087)[0m   [0mSET SQL_AUTO_IS_NULL=0[0m
  [4;36;1mSQL (0.000443)[0m   [0;1mSHOW TABLES[0m
  [4;36;1mSQL (0.000211)[0m   [0;1mSET NAMES 'utf8'[0m
  [4;35;1mSQL (0.000088)[0m   [0mSET SQL_AUTO_IS_NULL=0[0m
  [4;36;1mSQL (0.000405)[0m   [0;1mSHOW TABLES[0m
  [4;35;1mSQL (0.000250)[0m   [0mSELECT version FROM schema_migrations[0m
Migrating to CreateRedirectUrls (20090827191012)
  [4;36;1mSQL (0.000113)[0m   [0;1mSELECT version FROM schema_migrations[0m
  [4;35;1mSQL (0.376414)[0m   [0mCREATE TABLE `redirect_urls` (`id` int(11) DEFAULT NULL auto_increment PRIMARY KEY, `redirect_url` text DEFAULT NULL NULL, `keyword1` varchar(255) DEFAULT NULL NULL, `keyword2` varchar(255) DEFAULT NULL NULL, `keyword3` varchar(255) DEFAULT NULL NULL, `keyword4` varchar(255) DEFAULT NULL NULL, `keyword5` varchar(255) DEFAULT NULL NULL, `created_at` datetime DEFAULT NULL NULL, `updated_at` datetime DEFAULT NULL NULL) ENGINE=InnoDB[0m
  [4;36;1mSQL (0.000942)[0m   [0;1mINSERT INTO schema_migrations (version) VALUES ('20090827191012')[0m
  [4;35;1mSQL (0.000387)[0m   [0mSELECT version FROM schema_migrations[0m
  [4;36;1mSQL (0.000491)[0m   [0;1mSHOW TABLES[0m
  [4;35;1mSQL (0.002441)[0m   [0mSHOW FIELDS FROM `redirect_urls`[0m
  [4;36;1mSQL (0.002417)[0m   [0;1mdescribe `redirect_urls`[0m
  [4;35;1mSQL (0.001029)[0m   [0mSHOW KEYS FROM `redirect_urls`[0m


Processing GoController#index (for 127.0.0.1 at 2009-08-27 15:21:29) [GET]
  Session ID: BAh7BiIKZmxhc2hJQzonQWN0aW9uQ29udHJvbGxlcjo6Rmxhc2g6OkZsYXNo
SGFzaHsABjoKQHVzZWR7AA==--d3c27162dd44ba910a37d9717875fbe678bff711
  Parameters: {"action"=>"index", "controller"=>"go"}
  [4;36;1mSQL (0.000222)[0m   [0;1mSET NAMES 'utf8'[0m
  [4;35;1mSQL (0.000088)[0m   [0mSET SQL_AUTO_IS_NULL=0[0m
Rendering go/index


ActionView::MissingTemplate (Missing template go/index.html.erb in view path /Users/aadhikari/app/bgredirect/app/views):
    /Library/Ruby/Gems/1.8/gems/actionpack-2.1.0/lib/action_view/template.rb:85:in `raise_missing_template_exception'
    /Library/Ruby/Gems/1.8/gems/actionpack-2.1.0/lib/action_view/template.rb:78:in `set_extension_and_file_name'
    /Library/Ruby/Gems/1.8/gems/actionpack-2.1.0/lib/action_view/template.rb:15:in `initialize'
    /Library/Ruby/Gems/1.8/gems/actionpack-2.1.0/lib/action_view/base.rb:245:in `new'
    /Library/Ruby/Gems/1.8/gems/actionpack-2.1.0/lib/action_view/base.rb:245:in `render_file'
    /Library/Ruby/Gems/1.8/gems/actionpack-2.1.0/lib/action_controller/base.rb:1108:in `render_for_file'
    /Library/Ruby/Gems/1.8/gems/actionpack-2.1.0/lib/action_controller/base.rb:841:in `render_with_no_layout'
    /Library/Ruby/Gems/1.8/gems/actionpack-2.1.0/lib/action_controller/layout.rb:259:in `render_without_benchmark'
    /Library/Ruby/Gems/1.8/gems/actionpack-2.1.0/lib/action_controller/benchmarking.rb:51:in `render'
    /Users/aadhikari/.gem/ruby/1.8/gems/activesupport-2.1.0/lib/active_support/core_ext/benchmark.rb:8:in `realtime'
    /Library/Ruby/Gems/1.8/gems/actionpack-2.1.0/lib/action_controller/benchmarking.rb:51:in `render'
    /Library/Ruby/Gems/1.8/gems/actionpack-2.1.0/lib/action_controller/base.rb:1157:in `default_render'
    /Library/Ruby/Gems/1.8/gems/actionpack-2.1.0/lib/action_controller/base.rb:1163:in `perform_action_without_filters'
    /Library/Ruby/Gems/1.8/gems/actionpack-2.1.0/lib/action_controller/filters.rb:580:in `call_filters'
    /Library/Ruby/Gems/1.8/gems/actionpack-2.1.0/lib/action_controller/filters.rb:573:in `perform_action_without_benchmark'
    /Library/Ruby/Gems/1.8/gems/actionpack-2.1.0/lib/action_controller/benchmarking.rb:68:in `perform_action_without_rescue'
    /System/Library/Frameworks/Ruby.framework/Versions/1.8/usr/lib/ruby/1.8/benchmark.rb:293:in `measure'
    /Library/Ruby/Gems/1.8/gems/actionpack-2.1.0/lib/action_controller/benchmarking.rb:68:in `perform_action_without_rescue'
    /Library/Ruby/Gems/1.8/gems/actionpack-2.1.0/lib/action_controller/rescue.rb:201:in `perform_action_without_caching'
    /Library/Ruby/Gems/1.8/gems/actionpack-2.1.0/lib/action_controller/caching/sql_cache.rb:13:in `perform_action'
    /Users/aadhikari/.gem/ruby/1.8/gems/activerecord-2.1.0/lib/active_record/connection_adapters/abstract/query_cache.rb:33:in `cache'
    /Users/aadhikari/.gem/ruby/1.8/gems/activerecord-2.1.0/lib/active_record/query_cache.rb:8:in `cache'
    /Library/Ruby/Gems/1.8/gems/actionpack-2.1.0/lib/action_controller/caching/sql_cache.rb:12:in `perform_action'
    /Library/Ruby/Gems/1.8/gems/actionpack-2.1.0/lib/action_controller/base.rb:529:in `send'
    /Library/Ruby/Gems/1.8/gems/actionpack-2.1.0/lib/action_controller/base.rb:529:in `process_without_filters'
    /Library/Ruby/Gems/1.8/gems/actionpack-2.1.0/lib/action_controller/filters.rb:569:in `process_without_session_management_support'
    /Library/Ruby/Gems/1.8/gems/actionpack-2.1.0/lib/action_controller/session_management.rb:130:in `process'
    /Library/Ruby/Gems/1.8/gems/actionpack-2.1.0/lib/action_controller/base.rb:389:in `process'
    /Library/Ruby/Gems/1.8/gems/actionpack-2.1.0/lib/action_controller/dispatcher.rb:149:in `handle_request'
    /Library/Ruby/Gems/1.8/gems/actionpack-2.1.0/lib/action_controller/dispatcher.rb:107:in `dispatch'
    /Library/Ruby/Gems/1.8/gems/actionpack-2.1.0/lib/action_controller/dispatcher.rb:104:in `synchronize'
    /Library/Ruby/Gems/1.8/gems/actionpack-2.1.0/lib/action_controller/dispatcher.rb:104:in `dispatch'
    /Library/Ruby/Gems/1.8/gems/actionpack-2.1.0/lib/action_controller/dispatcher.rb:120:in `dispatch_cgi'
    /Library/Ruby/Gems/1.8/gems/actionpack-2.1.0/lib/action_controller/dispatcher.rb:35:in `dispatch'
    /Library/Ruby/Gems/1.8/gems/mongrel-1.1.5/bin/../lib/mongrel/rails.rb:76:in `process'
    /Library/Ruby/Gems/1.8/gems/mongrel-1.1.5/bin/../lib/mongrel/rails.rb:74:in `synchronize'
    /Library/Ruby/Gems/1.8/gems/mongrel-1.1.5/bin/../lib/mongrel/rails.rb:74:in `process'
    /Library/Ruby/Gems/1.8/gems/mongrel-1.1.5/bin/../lib/mongrel.rb:159:in `process_client'
    /Library/Ruby/Gems/1.8/gems/mongrel-1.1.5/bin/../lib/mongrel.rb:158:in `each'
    /Library/Ruby/Gems/1.8/gems/mongrel-1.1.5/bin/../lib/mongrel.rb:158:in `process_client'
    /Library/Ruby/Gems/1.8/gems/mongrel-1.1.5/bin/../lib/mongrel.rb:285:in `run'
    /Library/Ruby/Gems/1.8/gems/mongrel-1.1.5/bin/../lib/mongrel.rb:285:in `initialize'
    /Library/Ruby/Gems/1.8/gems/mongrel-1.1.5/bin/../lib/mongrel.rb:285:in `new'
    /Library/Ruby/Gems/1.8/gems/mongrel-1.1.5/bin/../lib/mongrel.rb:285:in `run'
    /Library/Ruby/Gems/1.8/gems/mongrel-1.1.5/bin/../lib/mongrel.rb:268:in `initialize'
    /Library/Ruby/Gems/1.8/gems/mongrel-1.1.5/bin/../lib/mongrel.rb:268:in `new'
    /Library/Ruby/Gems/1.8/gems/mongrel-1.1.5/bin/../lib/mongrel.rb:268:in `run'
    /Library/Ruby/Gems/1.8/gems/mongrel-1.1.5/bin/../lib/mongrel/configurator.rb:282:in `run'
    /Library/Ruby/Gems/1.8/gems/mongrel-1.1.5/bin/../lib/mongrel/configurator.rb:281:in `each'
    /Library/Ruby/Gems/1.8/gems/mongrel-1.1.5/bin/../lib/mongrel/configurator.rb:281:in `run'
    /Library/Ruby/Gems/1.8/gems/mongrel-1.1.5/bin/mongrel_rails:128:in `run'
    /Library/Ruby/Gems/1.8/gems/mongrel-1.1.5/bin/../lib/mongrel/command.rb:212:in `run'
    /Library/Ruby/Gems/1.8/gems/mongrel-1.1.5/bin/mongrel_rails:281
    /usr/bin/mongrel_rails:19:in `load'
    /usr/bin/mongrel_rails:19

Rendering /Library/Ruby/Gems/1.8/gems/actionpack-2.1.0/lib/action_controller/templates/rescues/layout.erb (internal_server_error)


Processing GoController#index (for 127.0.0.1 at 2009-08-27 15:22:12) [GET]
  Session ID: BAh7BiIKZmxhc2hJQzonQWN0aW9uQ29udHJvbGxlcjo6Rmxhc2g6OkZsYXNo
SGFzaHsABjoKQHVzZWR7AA==--d3c27162dd44ba910a37d9717875fbe678bff711
  Parameters: {"action"=>"index", "controller"=>"go"}
Rendering go/index
Completed in 0.00314 (318 reqs/sec) | Rendering: 0.00087 (27%) | DB: 0.00000 (0%) | 200 OK [http://localhost/go]


Processing GoController#index (for 127.0.0.1 at 2009-08-27 15:23:32) [GET]
  Session ID: BAh7BiIKZmxhc2hJQzonQWN0aW9uQ29udHJvbGxlcjo6Rmxhc2g6OkZsYXNo
SGFzaHsABjoKQHVzZWR7AA==--d3c27162dd44ba910a37d9717875fbe678bff711
  Parameters: {"action"=>"index", "controller"=>"go"}


ArgumentError (wrong number of arguments (1 for 0)):
    /app/controllers/go_controller.rb:4:in `params'
    /app/controllers/go_controller.rb:4:in `index'
    /Library/Ruby/Gems/1.8/gems/actionpack-2.1.0/lib/action_controller/base.rb:1162:in `send'
    /Library/Ruby/Gems/1.8/gems/actionpack-2.1.0/lib/action_controller/base.rb:1162:in `perform_action_without_filters'
    /Library/Ruby/Gems/1.8/gems/actionpack-2.1.0/lib/action_controller/filters.rb:580:in `call_filters'
    /Library/Ruby/Gems/1.8/gems/actionpack-2.1.0/lib/action_controller/filters.rb:573:in `perform_action_without_benchmark'
    /Library/Ruby/Gems/1.8/gems/actionpack-2.1.0/lib/action_controller/benchmarking.rb:68:in `perform_action_without_rescue'
    /System/Library/Frameworks/Ruby.framework/Versions/1.8/usr/lib/ruby/1.8/benchmark.rb:293:in `measure'
    /Library/Ruby/Gems/1.8/gems/actionpack-2.1.0/lib/action_controller/benchmarking.rb:68:in `perform_action_without_rescue'
    /Library/Ruby/Gems/1.8/gems/actionpack-2.1.0/lib/action_controller/rescue.rb:201:in `perform_action_without_caching'
    /Library/Ruby/Gems/1.8/gems/actionpack-2.1.0/lib/action_controller/caching/sql_cache.rb:13:in `perform_action'
    /Users/aadhikari/.gem/ruby/1.8/gems/activerecord-2.1.0/lib/active_record/connection_adapters/abstract/query_cache.rb:33:in `cache'
    /Users/aadhikari/.gem/ruby/1.8/gems/activerecord-2.1.0/lib/active_record/query_cache.rb:8:in `cache'
    /Library/Ruby/Gems/1.8/gems/actionpack-2.1.0/lib/action_controller/caching/sql_cache.rb:12:in `perform_action'
    /Library/Ruby/Gems/1.8/gems/actionpack-2.1.0/lib/action_controller/base.rb:529:in `send'
    /Library/Ruby/Gems/1.8/gems/actionpack-2.1.0/lib/action_controller/base.rb:529:in `process_without_filters'
    /Library/Ruby/Gems/1.8/gems/actionpack-2.1.0/lib/action_controller/filters.rb:569:in `process_without_session_management_support'
    /Library/Ruby/Gems/1.8/gems/actionpack-2.1.0/lib/action_controller/session_management.rb:130:in `process'
    /Library/Ruby/Gems/1.8/gems/actionpack-2.1.0/lib/action_controller/base.rb:389:in `process'
    /Library/Ruby/Gems/1.8/gems/actionpack-2.1.0/lib/action_controller/dispatcher.rb:149:in `handle_request'
    /Library/Ruby/Gems/1.8/gems/actionpack-2.1.0/lib/action_controller/dispatcher.rb:107:in `dispatch'
    /Library/Ruby/Gems/1.8/gems/actionpack-2.1.0/lib/action_controller/dispatcher.rb:104:in `synchronize'
    /Library/Ruby/Gems/1.8/gems/actionpack-2.1.0/lib/action_controller/dispatcher.rb:104:in `dispatch'
    /Library/Ruby/Gems/1.8/gems/actionpack-2.1.0/lib/action_controller/dispatcher.rb:120:in `dispatch_cgi'
    /Library/Ruby/Gems/1.8/gems/actionpack-2.1.0/lib/action_controller/dispatcher.rb:35:in `dispatch'
    /Library/Ruby/Gems/1.8/gems/mongrel-1.1.5/bin/../lib/mongrel/rails.rb:76:in `process'
    /Library/Ruby/Gems/1.8/gems/mongrel-1.1.5/bin/../lib/mongrel/rails.rb:74:in `synchronize'
    /Library/Ruby/Gems/1.8/gems/mongrel-1.1.5/bin/../lib/mongrel/rails.rb:74:in `process'
    /Library/Ruby/Gems/1.8/gems/mongrel-1.1.5/bin/../lib/mongrel.rb:159:in `process_client'
    /Library/Ruby/Gems/1.8/gems/mongrel-1.1.5/bin/../lib/mongrel.rb:158:in `each'
    /Library/Ruby/Gems/1.8/gems/mongrel-1.1.5/bin/../lib/mongrel.rb:158:in `process_client'
    /Library/Ruby/Gems/1.8/gems/mongrel-1.1.5/bin/../lib/mongrel.rb:285:in `run'
    /Library/Ruby/Gems/1.8/gems/mongrel-1.1.5/bin/../lib/mongrel.rb:285:in `initialize'
    /Library/Ruby/Gems/1.8/gems/mongrel-1.1.5/bin/../lib/mongrel.rb:285:in `new'
    /Library/Ruby/Gems/1.8/gems/mongrel-1.1.5/bin/../lib/mongrel.rb:285:in `run'
    /Library/Ruby/Gems/1.8/gems/mongrel-1.1.5/bin/../lib/mongrel.rb:268:in `initialize'
    /Library/Ruby/Gems/1.8/gems/mongrel-1.1.5/bin/../lib/mongrel.rb:268:in `new'
    /Library/Ruby/Gems/1.8/gems/mongrel-1.1.5/bin/../lib/mongrel.rb:268:in `run'
    /Library/Ruby/Gems/1.8/gems/mongrel-1.1.5/bin/../lib/mongrel/configurator.rb:282:in `run'
    /Library/Ruby/Gems/1.8/gems/mongrel-1.1.5/bin/../lib/mongrel/configurator.rb:281:in `each'
    /Library/Ruby/Gems/1.8/gems/mongrel-1.1.5/bin/../lib/mongrel/configurator.rb:281:in `run'
    /Library/Ruby/Gems/1.8/gems/mongrel-1.1.5/bin/mongrel_rails:128:in `run'
    /Library/Ruby/Gems/1.8/gems/mongrel-1.1.5/bin/../lib/mongrel/command.rb:212:in `run'
    /Library/Ruby/Gems/1.8/gems/mongrel-1.1.5/bin/mongrel_rails:281
    /usr/bin/mongrel_rails:19:in `load'
    /usr/bin/mongrel_rails:19

Rendering /Library/Ruby/Gems/1.8/gems/actionpack-2.1.0/lib/action_controller/templates/rescues/layout.erb (internal_server_error)


Processing GoController#index (for 127.0.0.1 at 2009-08-27 15:23:54) [GET]
  Session ID: BAh7BiIKZmxhc2hJQzonQWN0aW9uQ29udHJvbGxlcjo6Rmxhc2g6OkZsYXNo
SGFzaHsABjoKQHVzZWR7AA==--d3c27162dd44ba910a37d9717875fbe678bff711
  Parameters: {"action"=>"index", "controller"=>"go"}
Rendering go/index
Completed in 0.00235 (426 reqs/sec) | Rendering: 0.00044 (18%) | DB: 0.00000 (0%) | 200 OK [http://localhost/go]


Processing GoController#index (for 127.0.0.1 at 2009-08-27 15:24:17) [GET]
  Session ID: BAh7BiIKZmxhc2hJQzonQWN0aW9uQ29udHJvbGxlcjo6Rmxhc2g6OkZsYXNo
SGFzaHsABjoKQHVzZWR7AA==--d3c27162dd44ba910a37d9717875fbe678bff711
  Parameters: {"action"=>"index", "controller"=>"go", "keyword1"=>"test"}
Rendering go/index
Completed in 0.00250 (399 reqs/sec) | Rendering: 0.00066 (26%) | DB: 0.00000 (0%) | 200 OK [http://localhost/go/test]


Processing GoController#index (for 127.0.0.1 at 2009-08-27 15:29:08) [GET]
  Session ID: BAh7BiIKZmxhc2hJQzonQWN0aW9uQ29udHJvbGxlcjo6Rmxhc2g6OkZsYXNo
SGFzaHsABjoKQHVzZWR7AA==--d3c27162dd44ba910a37d9717875fbe678bff711
  Parameters: {"action"=>"index", "controller"=>"go", "keyword1"=>"test"}


NoMethodError (undefined method `find' for RedirectUrlsController:Class):
    /app/controllers/go_controller.rb:4:in `index'
    /Library/Ruby/Gems/1.8/gems/actionpack-2.1.0/lib/action_controller/base.rb:1162:in `send'
    /Library/Ruby/Gems/1.8/gems/actionpack-2.1.0/lib/action_controller/base.rb:1162:in `perform_action_without_filters'
    /Library/Ruby/Gems/1.8/gems/actionpack-2.1.0/lib/action_controller/filters.rb:580:in `call_filters'
    /Library/Ruby/Gems/1.8/gems/actionpack-2.1.0/lib/action_controller/filters.rb:573:in `perform_action_without_benchmark'
    /Library/Ruby/Gems/1.8/gems/actionpack-2.1.0/lib/action_controller/benchmarking.rb:68:in `perform_action_without_rescue'
    /System/Library/Frameworks/Ruby.framework/Versions/1.8/usr/lib/ruby/1.8/benchmark.rb:293:in `measure'
    /Library/Ruby/Gems/1.8/gems/actionpack-2.1.0/lib/action_controller/benchmarking.rb:68:in `perform_action_without_rescue'
    /Library/Ruby/Gems/1.8/gems/actionpack-2.1.0/lib/action_controller/rescue.rb:201:in `perform_action_without_caching'
    /Library/Ruby/Gems/1.8/gems/actionpack-2.1.0/lib/action_controller/caching/sql_cache.rb:13:in `perform_action'
    /Users/aadhikari/.gem/ruby/1.8/gems/activerecord-2.1.0/lib/active_record/connection_adapters/abstract/query_cache.rb:33:in `cache'
    /Users/aadhikari/.gem/ruby/1.8/gems/activerecord-2.1.0/lib/active_record/query_cache.rb:8:in `cache'
    /Library/Ruby/Gems/1.8/gems/actionpack-2.1.0/lib/action_controller/caching/sql_cache.rb:12:in `perform_action'
    /Library/Ruby/Gems/1.8/gems/actionpack-2.1.0/lib/action_controller/base.rb:529:in `send'
    /Library/Ruby/Gems/1.8/gems/actionpack-2.1.0/lib/action_controller/base.rb:529:in `process_without_filters'
    /Library/Ruby/Gems/1.8/gems/actionpack-2.1.0/lib/action_controller/filters.rb:569:in `process_without_session_management_support'
    /Library/Ruby/Gems/1.8/gems/actionpack-2.1.0/lib/action_controller/session_management.rb:130:in `process'
    /Library/Ruby/Gems/1.8/gems/actionpack-2.1.0/lib/action_controller/base.rb:389:in `process'
    /Library/Ruby/Gems/1.8/gems/actionpack-2.1.0/lib/action_controller/dispatcher.rb:149:in `handle_request'
    /Library/Ruby/Gems/1.8/gems/actionpack-2.1.0/lib/action_controller/dispatcher.rb:107:in `dispatch'
    /Library/Ruby/Gems/1.8/gems/actionpack-2.1.0/lib/action_controller/dispatcher.rb:104:in `synchronize'
    /Library/Ruby/Gems/1.8/gems/actionpack-2.1.0/lib/action_controller/dispatcher.rb:104:in `dispatch'
    /Library/Ruby/Gems/1.8/gems/actionpack-2.1.0/lib/action_controller/dispatcher.rb:120:in `dispatch_cgi'
    /Library/Ruby/Gems/1.8/gems/actionpack-2.1.0/lib/action_controller/dispatcher.rb:35:in `dispatch'
    /Library/Ruby/Gems/1.8/gems/mongrel-1.1.5/bin/../lib/mongrel/rails.rb:76:in `process'
    /Library/Ruby/Gems/1.8/gems/mongrel-1.1.5/bin/../lib/mongrel/rails.rb:74:in `synchronize'
    /Library/Ruby/Gems/1.8/gems/mongrel-1.1.5/bin/../lib/mongrel/rails.rb:74:in `process'
    /Library/Ruby/Gems/1.8/gems/mongrel-1.1.5/bin/../lib/mongrel.rb:159:in `process_client'
    /Library/Ruby/Gems/1.8/gems/mongrel-1.1.5/bin/../lib/mongrel.rb:158:in `each'
    /Library/Ruby/Gems/1.8/gems/mongrel-1.1.5/bin/../lib/mongrel.rb:158:in `process_client'
    /Library/Ruby/Gems/1.8/gems/mongrel-1.1.5/bin/../lib/mongrel.rb:285:in `run'
    /Library/Ruby/Gems/1.8/gems/mongrel-1.1.5/bin/../lib/mongrel.rb:285:in `initialize'
    /Library/Ruby/Gems/1.8/gems/mongrel-1.1.5/bin/../lib/mongrel.rb:285:in `new'
    /Library/Ruby/Gems/1.8/gems/mongrel-1.1.5/bin/../lib/mongrel.rb:285:in `run'
    /Library/Ruby/Gems/1.8/gems/mongrel-1.1.5/bin/../lib/mongrel.rb:268:in `initialize'
    /Library/Ruby/Gems/1.8/gems/mongrel-1.1.5/bin/../lib/mongrel.rb:268:in `new'
    /Library/Ruby/Gems/1.8/gems/mongrel-1.1.5/bin/../lib/mongrel.rb:268:in `run'
    /Library/Ruby/Gems/1.8/gems/mongrel-1.1.5/bin/../lib/mongrel/configurator.rb:282:in `run'
    /Library/Ruby/Gems/1.8/gems/mongrel-1.1.5/bin/../lib/mongrel/configurator.rb:281:in `each'
    /Library/Ruby/Gems/1.8/gems/mongrel-1.1.5/bin/../lib/mongrel/configurator.rb:281:in `run'
    /Library/Ruby/Gems/1.8/gems/mongrel-1.1.5/bin/mongrel_rails:128:in `run'
    /Library/Ruby/Gems/1.8/gems/mongrel-1.1.5/bin/../lib/mongrel/command.rb:212:in `run'
    /Library/Ruby/Gems/1.8/gems/mongrel-1.1.5/bin/mongrel_rails:281
    /usr/bin/mongrel_rails:19:in `load'
    /usr/bin/mongrel_rails:19

Rendering /Library/Ruby/Gems/1.8/gems/actionpack-2.1.0/lib/action_controller/templates/rescues/layout.erb (internal_server_error)


Processing GoController#index (for 127.0.0.1 at 2009-08-27 15:29:56) [GET]
  Session ID: BAh7BiIKZmxhc2hJQzonQWN0aW9uQ29udHJvbGxlcjo6Rmxhc2g6OkZsYXNo
SGFzaHsABjoKQHVzZWR7AA==--d3c27162dd44ba910a37d9717875fbe678bff711
  Parameters: {"action"=>"index", "controller"=>"go", "keyword1"=>"test"}
  [4;36;1mRedirectUrl Load (0.000555)[0m   [0;1mSELECT redirect_url FROM `redirect_urls` WHERE (keyword1 = 'test') LIMIT 1[0m
Rendering go/index
Completed in 0.00647 (154 reqs/sec) | Rendering: 0.00080 (12%) | DB: 0.00056 (8%) | 200 OK [http://localhost/go/test]


Processing GoController#index (for 127.0.0.1 at 2009-08-27 15:30:05) [GET]
  Session ID: BAh7BiIKZmxhc2hJQzonQWN0aW9uQ29udHJvbGxlcjo6Rmxhc2g6OkZsYXNo
SGFzaHsABjoKQHVzZWR7AA==--d3c27162dd44ba910a37d9717875fbe678bff711
  Parameters: {"action"=>"index", "controller"=>"go", "keyword1"=>"yahoo"}
  [4;35;1mRedirectUrl Load (0.000354)[0m   [0mSELECT redirect_url FROM `redirect_urls` WHERE (keyword1 = 'yahoo') LIMIT 1[0m
Rendering go/index
Completed in 0.00838 (119 reqs/sec) | Rendering: 0.00084 (9%) | DB: 0.00035 (4%) | 200 OK [http://localhost/go/yahoo]


Processing GoController#index (for 127.0.0.1 at 2009-08-27 15:31:52) [GET]
  Session ID: BAh7BiIKZmxhc2hJQzonQWN0aW9uQ29udHJvbGxlcjo6Rmxhc2g6OkZsYXNo
SGFzaHsABjoKQHVzZWR7AA==--d3c27162dd44ba910a37d9717875fbe678bff711
  Parameters: {"action"=>"index", "controller"=>"go", "keyword1"=>"yahoo"}
  [4;36;1mRedirectUrl Load (0.000312)[0m   [0;1mSELECT redirect_url FROM `redirect_urls` WHERE (keyword1 = 'yahoo') LIMIT 1[0m
Rendering go/index
  [4;35;1mRedirectUrl Columns (0.001881)[0m   [0mSHOW FIELDS FROM `redirect_urls`[0m
Completed in 0.00857 (116 reqs/sec) | Rendering: 0.00120 (14%) | DB: 0.00219 (25%) | 200 OK [http://localhost/go/yahoo]


Processing GoController#index (for 127.0.0.1 at 2009-08-27 15:33:28) [GET]
  Session ID: BAh7BiIKZmxhc2hJQzonQWN0aW9uQ29udHJvbGxlcjo6Rmxhc2g6OkZsYXNo
SGFzaHsABjoKQHVzZWR7AA==--d3c27162dd44ba910a37d9717875fbe678bff711
  Parameters: {"action"=>"index", "controller"=>"go", "keyword1"=>"yahoo"}
  [4;36;1mRedirectUrl Load (0.000352)[0m   [0;1mSELECT redirect_url FROM `redirect_urls` WHERE (keyword1 = 'yahoo') LIMIT 1[0m
  [4;35;1mRedirectUrl Columns (0.002605)[0m   [0mSHOW FIELDS FROM `redirect_urls`[0m
Redirected to http://www.yahoo.com
Completed in 0.00862 (116 reqs/sec) | DB: 0.00296 (34%) | 302 Found [http://localhost/go/yahoo]


Processing GoController#index (for 127.0.0.1 at 2009-08-27 15:35:26) [GET]
  Session ID: BAh7BiIKZmxhc2hJQzonQWN0aW9uQ29udHJvbGxlcjo6Rmxhc2g6OkZsYXNo
SGFzaHsABjoKQHVzZWR7AA==--d3c27162dd44ba910a37d9717875fbe678bff711
  Parameters: {"action"=>"index", "controller"=>"go", "keyword1"=>"yahoo"}
  [4;36;1mRedirectUrl Load (0.000340)[0m   [0;1mSELECT redirect_url FROM `redirect_urls` WHERE (keyword1 = 'yahoo') LIMIT 1[0m
  [4;35;1mRedirectUrl Columns (0.002020)[0m   [0mSHOW FIELDS FROM `redirect_urls`[0m
Redirected to http://www.yahoo.com
Completed in 0.00801 (124 reqs/sec) | DB: 0.00236 (29%) | 302 Found [http://localhost/go/yahoo]


Processing GoController#index (for 127.0.0.1 at 2009-08-27 15:35:57) [GET]
  Session ID: BAh7BiIKZmxhc2hJQzonQWN0aW9uQ29udHJvbGxlcjo6Rmxhc2g6OkZsYXNo
SGFzaHsABjoKQHVzZWR7AA==--d3c27162dd44ba910a37d9717875fbe678bff711
  Parameters: {"action"=>"index", "controller"=>"go", "keyword1"=>"redirect_url"}
  [4;36;1mRedirectUrl Load (0.000351)[0m   [0;1mSELECT redirect_url FROM `redirect_urls` WHERE (keyword1 = 'redirect_url') LIMIT 1[0m


NoMethodError (You have a nil object when you didn't expect it!
You might have expected an instance of ActiveRecord::Base.
The error occurred while evaluating nil.[]):
    /app/controllers/go_controller.rb:5:in `index'
    /Library/Ruby/Gems/1.8/gems/actionpack-2.1.0/lib/action_controller/base.rb:1162:in `send'
    /Library/Ruby/Gems/1.8/gems/actionpack-2.1.0/lib/action_controller/base.rb:1162:in `perform_action_without_filters'
    /Library/Ruby/Gems/1.8/gems/actionpack-2.1.0/lib/action_controller/filters.rb:580:in `call_filters'
    /Library/Ruby/Gems/1.8/gems/actionpack-2.1.0/lib/action_controller/filters.rb:573:in `perform_action_without_benchmark'
    /Library/Ruby/Gems/1.8/gems/actionpack-2.1.0/lib/action_controller/benchmarking.rb:68:in `perform_action_without_rescue'
    /System/Library/Frameworks/Ruby.framework/Versions/1.8/usr/lib/ruby/1.8/benchmark.rb:293:in `measure'
    /Library/Ruby/Gems/1.8/gems/actionpack-2.1.0/lib/action_controller/benchmarking.rb:68:in `perform_action_without_rescue'
    /Library/Ruby/Gems/1.8/gems/actionpack-2.1.0/lib/action_controller/rescue.rb:201:in `perform_action_without_caching'
    /Library/Ruby/Gems/1.8/gems/actionpack-2.1.0/lib/action_controller/caching/sql_cache.rb:13:in `perform_action'
    /Users/aadhikari/.gem/ruby/1.8/gems/activerecord-2.1.0/lib/active_record/connection_adapters/abstract/query_cache.rb:33:in `cache'
    /Users/aadhikari/.gem/ruby/1.8/gems/activerecord-2.1.0/lib/active_record/query_cache.rb:8:in `cache'
    /Library/Ruby/Gems/1.8/gems/actionpack-2.1.0/lib/action_controller/caching/sql_cache.rb:12:in `perform_action'
    /Library/Ruby/Gems/1.8/gems/actionpack-2.1.0/lib/action_controller/base.rb:529:in `send'
    /Library/Ruby/Gems/1.8/gems/actionpack-2.1.0/lib/action_controller/base.rb:529:in `process_without_filters'
    /Library/Ruby/Gems/1.8/gems/actionpack-2.1.0/lib/action_controller/filters.rb:569:in `process_without_session_management_support'
    /Library/Ruby/Gems/1.8/gems/actionpack-2.1.0/lib/action_controller/session_management.rb:130:in `process'
    /Library/Ruby/Gems/1.8/gems/actionpack-2.1.0/lib/action_controller/base.rb:389:in `process'
    /Library/Ruby/Gems/1.8/gems/actionpack-2.1.0/lib/action_controller/dispatcher.rb:149:in `handle_request'
    /Library/Ruby/Gems/1.8/gems/actionpack-2.1.0/lib/action_controller/dispatcher.rb:107:in `dispatch'
    /Library/Ruby/Gems/1.8/gems/actionpack-2.1.0/lib/action_controller/dispatcher.rb:104:in `synchronize'
    /Library/Ruby/Gems/1.8/gems/actionpack-2.1.0/lib/action_controller/dispatcher.rb:104:in `dispatch'
    /Library/Ruby/Gems/1.8/gems/actionpack-2.1.0/lib/action_controller/dispatcher.rb:120:in `dispatch_cgi'
    /Library/Ruby/Gems/1.8/gems/actionpack-2.1.0/lib/action_controller/dispatcher.rb:35:in `dispatch'
    /Library/Ruby/Gems/1.8/gems/mongrel-1.1.5/bin/../lib/mongrel/rails.rb:76:in `process'
    /Library/Ruby/Gems/1.8/gems/mongrel-1.1.5/bin/../lib/mongrel/rails.rb:74:in `synchronize'
    /Library/Ruby/Gems/1.8/gems/mongrel-1.1.5/bin/../lib/mongrel/rails.rb:74:in `process'
    /Library/Ruby/Gems/1.8/gems/mongrel-1.1.5/bin/../lib/mongrel.rb:159:in `process_client'
    /Library/Ruby/Gems/1.8/gems/mongrel-1.1.5/bin/../lib/mongrel.rb:158:in `each'
    /Library/Ruby/Gems/1.8/gems/mongrel-1.1.5/bin/../lib/mongrel.rb:158:in `process_client'
    /Library/Ruby/Gems/1.8/gems/mongrel-1.1.5/bin/../lib/mongrel.rb:285:in `run'
    /Library/Ruby/Gems/1.8/gems/mongrel-1.1.5/bin/../lib/mongrel.rb:285:in `initialize'
    /Library/Ruby/Gems/1.8/gems/mongrel-1.1.5/bin/../lib/mongrel.rb:285:in `new'
    /Library/Ruby/Gems/1.8/gems/mongrel-1.1.5/bin/../lib/mongrel.rb:285:in `run'
    /Library/Ruby/Gems/1.8/gems/mongrel-1.1.5/bin/../lib/mongrel.rb:268:in `initialize'
    /Library/Ruby/Gems/1.8/gems/mongrel-1.1.5/bin/../lib/mongrel.rb:268:in `new'
    /Library/Ruby/Gems/1.8/gems/mongrel-1.1.5/bin/../lib/mongrel.rb:268:in `run'
    /Library/Ruby/Gems/1.8/gems/mongrel-1.1.5/bin/../lib/mongrel/configurator.rb:282:in `run'
    /Library/Ruby/Gems/1.8/gems/mongrel-1.1.5/bin/../lib/mongrel/configurator.rb:281:in `each'
    /Library/Ruby/Gems/1.8/gems/mongrel-1.1.5/bin/../lib/mongrel/configurator.rb:281:in `run'
    /Library/Ruby/Gems/1.8/gems/mongrel-1.1.5/bin/mongrel_rails:128:in `run'
    /Library/Ruby/Gems/1.8/gems/mongrel-1.1.5/bin/../lib/mongrel/command.rb:212:in `run'
    /Library/Ruby/Gems/1.8/gems/mongrel-1.1.5/bin/mongrel_rails:281
    /usr/bin/mongrel_rails:19:in `load'
    /usr/bin/mongrel_rails:19

Rendering /Library/Ruby/Gems/1.8/gems/actionpack-2.1.0/lib/action_controller/templates/rescues/layout.erb (internal_server_error)


Processing GoController#index (for 127.0.0.1 at 2009-08-27 15:36:01) [GET]
  Session ID: BAh7BiIKZmxhc2hJQzonQWN0aW9uQ29udHJvbGxlcjo6Rmxhc2g6OkZsYXNo
SGFzaHsABjoKQHVzZWR7AA==--d3c27162dd44ba910a37d9717875fbe678bff711
  Parameters: {"action"=>"index", "controller"=>"go", "keyword1"=>"redirect_urls"}
  [4;35;1mRedirectUrl Load (0.000372)[0m   [0mSELECT redirect_url FROM `redirect_urls` WHERE (keyword1 = 'redirect_urls') LIMIT 1[0m


NoMethodError (You have a nil object when you didn't expect it!
You might have expected an instance of ActiveRecord::Base.
The error occurred while evaluating nil.[]):
    /app/controllers/go_controller.rb:5:in `index'
    /Library/Ruby/Gems/1.8/gems/actionpack-2.1.0/lib/action_controller/base.rb:1162:in `send'
    /Library/Ruby/Gems/1.8/gems/actionpack-2.1.0/lib/action_controller/base.rb:1162:in `perform_action_without_filters'
    /Library/Ruby/Gems/1.8/gems/actionpack-2.1.0/lib/action_controller/filters.rb:580:in `call_filters'
    /Library/Ruby/Gems/1.8/gems/actionpack-2.1.0/lib/action_controller/filters.rb:573:in `perform_action_without_benchmark'
    /Library/Ruby/Gems/1.8/gems/actionpack-2.1.0/lib/action_controller/benchmarking.rb:68:in `perform_action_without_rescue'
    /System/Library/Frameworks/Ruby.framework/Versions/1.8/usr/lib/ruby/1.8/benchmark.rb:293:in `measure'
    /Library/Ruby/Gems/1.8/gems/actionpack-2.1.0/lib/action_controller/benchmarking.rb:68:in `perform_action_without_rescue'
    /Library/Ruby/Gems/1.8/gems/actionpack-2.1.0/lib/action_controller/rescue.rb:201:in `perform_action_without_caching'
    /Library/Ruby/Gems/1.8/gems/actionpack-2.1.0/lib/action_controller/caching/sql_cache.rb:13:in `perform_action'
    /Users/aadhikari/.gem/ruby/1.8/gems/activerecord-2.1.0/lib/active_record/connection_adapters/abstract/query_cache.rb:33:in `cache'
    /Users/aadhikari/.gem/ruby/1.8/gems/activerecord-2.1.0/lib/active_record/query_cache.rb:8:in `cache'
    /Library/Ruby/Gems/1.8/gems/actionpack-2.1.0/lib/action_controller/caching/sql_cache.rb:12:in `perform_action'
    /Library/Ruby/Gems/1.8/gems/actionpack-2.1.0/lib/action_controller/base.rb:529:in `send'
    /Library/Ruby/Gems/1.8/gems/actionpack-2.1.0/lib/action_controller/base.rb:529:in `process_without_filters'
    /Library/Ruby/Gems/1.8/gems/actionpack-2.1.0/lib/action_controller/filters.rb:569:in `process_without_session_management_support'
    /Library/Ruby/Gems/1.8/gems/actionpack-2.1.0/lib/action_controller/session_management.rb:130:in `process'
    /Library/Ruby/Gems/1.8/gems/actionpack-2.1.0/lib/action_controller/base.rb:389:in `process'
    /Library/Ruby/Gems/1.8/gems/actionpack-2.1.0/lib/action_controller/dispatcher.rb:149:in `handle_request'
    /Library/Ruby/Gems/1.8/gems/actionpack-2.1.0/lib/action_controller/dispatcher.rb:107:in `dispatch'
    /Library/Ruby/Gems/1.8/gems/actionpack-2.1.0/lib/action_controller/dispatcher.rb:104:in `synchronize'
    /Library/Ruby/Gems/1.8/gems/actionpack-2.1.0/lib/action_controller/dispatcher.rb:104:in `dispatch'
    /Library/Ruby/Gems/1.8/gems/actionpack-2.1.0/lib/action_controller/dispatcher.rb:120:in `dispatch_cgi'
    /Library/Ruby/Gems/1.8/gems/actionpack-2.1.0/lib/action_controller/dispatcher.rb:35:in `dispatch'
    /Library/Ruby/Gems/1.8/gems/mongrel-1.1.5/bin/../lib/mongrel/rails.rb:76:in `process'
    /Library/Ruby/Gems/1.8/gems/mongrel-1.1.5/bin/../lib/mongrel/rails.rb:74:in `synchronize'
    /Library/Ruby/Gems/1.8/gems/mongrel-1.1.5/bin/../lib/mongrel/rails.rb:74:in `process'
    /Library/Ruby/Gems/1.8/gems/mongrel-1.1.5/bin/../lib/mongrel.rb:159:in `process_client'
    /Library/Ruby/Gems/1.8/gems/mongrel-1.1.5/bin/../lib/mongrel.rb:158:in `each'
    /Library/Ruby/Gems/1.8/gems/mongrel-1.1.5/bin/../lib/mongrel.rb:158:in `process_client'
    /Library/Ruby/Gems/1.8/gems/mongrel-1.1.5/bin/../lib/mongrel.rb:285:in `run'
    /Library/Ruby/Gems/1.8/gems/mongrel-1.1.5/bin/../lib/mongrel.rb:285:in `initialize'
    /Library/Ruby/Gems/1.8/gems/mongrel-1.1.5/bin/../lib/mongrel.rb:285:in `new'
    /Library/Ruby/Gems/1.8/gems/mongrel-1.1.5/bin/../lib/mongrel.rb:285:in `run'
    /Library/Ruby/Gems/1.8/gems/mongrel-1.1.5/bin/../lib/mongrel.rb:268:in `initialize'
    /Library/Ruby/Gems/1.8/gems/mongrel-1.1.5/bin/../lib/mongrel.rb:268:in `new'
    /Library/Ruby/Gems/1.8/gems/mongrel-1.1.5/bin/../lib/mongrel.rb:268:in `run'
    /Library/Ruby/Gems/1.8/gems/mongrel-1.1.5/bin/../lib/mongrel/configurator.rb:282:in `run'
    /Library/Ruby/Gems/1.8/gems/mongrel-1.1.5/bin/../lib/mongrel/configurator.rb:281:in `each'
    /Library/Ruby/Gems/1.8/gems/mongrel-1.1.5/bin/../lib/mongrel/configurator.rb:281:in `run'
    /Library/Ruby/Gems/1.8/gems/mongrel-1.1.5/bin/mongrel_rails:128:in `run'
    /Library/Ruby/Gems/1.8/gems/mongrel-1.1.5/bin/../lib/mongrel/command.rb:212:in `run'
    /Library/Ruby/Gems/1.8/gems/mongrel-1.1.5/bin/mongrel_rails:281
    /usr/bin/mongrel_rails:19:in `load'
    /usr/bin/mongrel_rails:19

Rendering /Library/Ruby/Gems/1.8/gems/actionpack-2.1.0/lib/action_controller/templates/rescues/layout.erb (internal_server_error)
